[0.786s] DEBUG:colcon:Command line arguments: ['/usr/bin/colcon', 'build', '--packages-select', 'sim_vision_test']
[0.787s] DEBUG:colcon:Parsed command line arguments: Namespace(log_base=None, log_level=None, verb_name='build', build_base='build', install_base='install', merge_install=False, symlink_install=False, test_result_base=None, continue_on_error=False, executor='parallel', parallel_workers=4, event_handlers=None, ignore_user_meta=False, metas=['./colcon.meta'], base_paths=['.'], packages_ignore=None, packages_ignore_regex=None, paths=None, packages_up_to=None, packages_up_to_regex=None, packages_above=None, packages_above_and_dependencies=None, packages_above_depth=None, packages_select_by_dep=None, packages_skip_by_dep=None, packages_skip_up_to=None, packages_select_build_failed=False, packages_skip_build_finished=False, packages_select_test_failures=False, packages_skip_test_passed=False, packages_select=['sim_vision_test'], packages_skip=None, packages_select_regex=None, packages_skip_regex=None, packages_start=None, packages_end=None, allow_overriding=[], cmake_args=None, cmake_target=None, cmake_target_skip_unavailable=False, cmake_clean_cache=False, cmake_clean_first=False, cmake_force_configure=False, ament_cmake_args=None, catkin_cmake_args=None, catkin_skip_building_tests=False, verb_parser=<colcon_defaults.argument_parser.defaults.DefaultArgumentsDecorator object at 0x7baea97ef790>, verb_extension=<colcon_core.verb.build.BuildVerb object at 0x7baea9924f10>, main=<bound method BuildVerb.main of <colcon_core.verb.build.BuildVerb object at 0x7baea9924f10>>)
[2.975s] Level 1:colcon.colcon_core.package_discovery:discover_packages(colcon_meta) check parameters
[3.010s] Level 1:colcon.colcon_core.package_discovery:discover_packages(recursive) check parameters
[3.011s] Level 1:colcon.colcon_core.package_discovery:discover_packages(ignore) check parameters
[3.011s] Level 1:colcon.colcon_core.package_discovery:discover_packages(path) check parameters
[3.011s] Level 1:colcon.colcon_core.package_discovery:discover_packages(colcon_meta) discover
[3.011s] Level 1:colcon.colcon_core.package_discovery:discover_packages(recursive) discover
[3.011s] INFO:colcon.colcon_core.package_discovery:Crawling recursively for packages in '/home/akenitoy/robot-vision-sim'
[3.012s] Level 1:colcon.colcon_core.package_identification:_identify(.) by extensions ['ignore', 'ignore_ament_install']
[3.012s] Level 1:colcon.colcon_core.package_identification:_identify(.) by extension 'ignore'
[3.012s] Level 1:colcon.colcon_core.package_identification:_identify(.) by extension 'ignore_ament_install'
[3.049s] Level 1:colcon.colcon_core.package_identification:_identify(.) by extensions ['colcon_pkg']
[3.049s] Level 1:colcon.colcon_core.package_identification:_identify(.) by extension 'colcon_pkg'
[3.049s] Level 1:colcon.colcon_core.package_identification:_identify(.) by extensions ['colcon_meta']
[3.049s] Level 1:colcon.colcon_core.package_identification:_identify(.) by extension 'colcon_meta'
[3.049s] Level 1:colcon.colcon_core.package_identification:_identify(.) by extensions ['ros']
[3.049s] Level 1:colcon.colcon_core.package_identification:_identify(.) by extension 'ros'
[3.269s] Level 1:colcon.colcon_core.package_identification:_identify(.) by extensions ['cmake', 'python']
[3.269s] Level 1:colcon.colcon_core.package_identification:_identify(.) by extension 'cmake'
[3.269s] Level 1:colcon.colcon_core.package_identification:_identify(.) by extension 'python'
[3.269s] Level 1:colcon.colcon_core.package_identification:_identify(.) by extensions ['python_setup_py']
[3.269s] Level 1:colcon.colcon_core.package_identification:_identify(.) by extension 'python_setup_py'
[3.269s] Level 1:colcon.colcon_core.package_identification:_identify(build) by extensions ['ignore', 'ignore_ament_install']
[3.269s] Level 1:colcon.colcon_core.package_identification:_identify(build) by extension 'ignore'
[3.269s] Level 1:colcon.colcon_core.package_identification:_identify(build) ignored
[3.270s] Level 1:colcon.colcon_core.package_identification:_identify(config) by extensions ['ignore', 'ignore_ament_install']
[3.279s] Level 1:colcon.colcon_core.package_identification:_identify(config) by extension 'ignore'
[3.280s] Level 1:colcon.colcon_core.package_identification:_identify(config) by extension 'ignore_ament_install'
[3.280s] Level 1:colcon.colcon_core.package_identification:_identify(config) by extensions ['colcon_pkg']
[3.280s] Level 1:colcon.colcon_core.package_identification:_identify(config) by extension 'colcon_pkg'
[3.280s] Level 1:colcon.colcon_core.package_identification:_identify(config) by extensions ['colcon_meta']
[3.281s] Level 1:colcon.colcon_core.package_identification:_identify(config) by extension 'colcon_meta'
[3.281s] Level 1:colcon.colcon_core.package_identification:_identify(config) by extensions ['ros']
[3.281s] Level 1:colcon.colcon_core.package_identification:_identify(config) by extension 'ros'
[3.282s] Level 1:colcon.colcon_core.package_identification:_identify(config) by extensions ['cmake', 'python']
[3.282s] Level 1:colcon.colcon_core.package_identification:_identify(config) by extension 'cmake'
[3.284s] Level 1:colcon.colcon_core.package_identification:_identify(config) by extension 'python'
[3.284s] Level 1:colcon.colcon_core.package_identification:_identify(config) by extensions ['python_setup_py']
[3.285s] Level 1:colcon.colcon_core.package_identification:_identify(config) by extension 'python_setup_py'
[3.285s] Level 1:colcon.colcon_core.package_identification:_identify(install) by extensions ['ignore', 'ignore_ament_install']
[3.285s] Level 1:colcon.colcon_core.package_identification:_identify(install) by extension 'ignore'
[3.285s] Level 1:colcon.colcon_core.package_identification:_identify(install) ignored
[3.286s] Level 1:colcon.colcon_core.package_identification:_identify(launch) by extensions ['ignore', 'ignore_ament_install']
[3.286s] Level 1:colcon.colcon_core.package_identification:_identify(launch) by extension 'ignore'
[3.287s] Level 1:colcon.colcon_core.package_identification:_identify(launch) by extension 'ignore_ament_install'
[3.287s] Level 1:colcon.colcon_core.package_identification:_identify(launch) by extensions ['colcon_pkg']
[3.287s] Level 1:colcon.colcon_core.package_identification:_identify(launch) by extension 'colcon_pkg'
[3.287s] Level 1:colcon.colcon_core.package_identification:_identify(launch) by extensions ['colcon_meta']
[3.287s] Level 1:colcon.colcon_core.package_identification:_identify(launch) by extension 'colcon_meta'
[3.288s] Level 1:colcon.colcon_core.package_identification:_identify(launch) by extensions ['ros']
[3.288s] Level 1:colcon.colcon_core.package_identification:_identify(launch) by extension 'ros'
[3.288s] Level 1:colcon.colcon_core.package_identification:_identify(launch) by extensions ['cmake', 'python']
[3.288s] Level 1:colcon.colcon_core.package_identification:_identify(launch) by extension 'cmake'
[3.288s] Level 1:colcon.colcon_core.package_identification:_identify(launch) by extension 'python'
[3.288s] Level 1:colcon.colcon_core.package_identification:_identify(launch) by extensions ['python_setup_py']
[3.289s] Level 1:colcon.colcon_core.package_identification:_identify(launch) by extension 'python_setup_py'
[3.289s] Level 1:colcon.colcon_core.package_identification:_identify(launch/__pycache__) by extensions ['ignore', 'ignore_ament_install']
[3.289s] Level 1:colcon.colcon_core.package_identification:_identify(launch/__pycache__) by extension 'ignore'
[3.289s] Level 1:colcon.colcon_core.package_identification:_identify(launch/__pycache__) by extension 'ignore_ament_install'
[3.290s] Level 1:colcon.colcon_core.package_identification:_identify(launch/__pycache__) by extensions ['colcon_pkg']
[3.290s] Level 1:colcon.colcon_core.package_identification:_identify(launch/__pycache__) by extension 'colcon_pkg'
[3.290s] Level 1:colcon.colcon_core.package_identification:_identify(launch/__pycache__) by extensions ['colcon_meta']
[3.290s] Level 1:colcon.colcon_core.package_identification:_identify(launch/__pycache__) by extension 'colcon_meta'
[3.290s] Level 1:colcon.colcon_core.package_identification:_identify(launch/__pycache__) by extensions ['ros']
[3.290s] Level 1:colcon.colcon_core.package_identification:_identify(launch/__pycache__) by extension 'ros'
[3.290s] Level 1:colcon.colcon_core.package_identification:_identify(launch/__pycache__) by extensions ['cmake', 'python']
[3.290s] Level 1:colcon.colcon_core.package_identification:_identify(launch/__pycache__) by extension 'cmake'
[3.290s] Level 1:colcon.colcon_core.package_identification:_identify(launch/__pycache__) by extension 'python'
[3.291s] Level 1:colcon.colcon_core.package_identification:_identify(launch/__pycache__) by extensions ['python_setup_py']
[3.291s] Level 1:colcon.colcon_core.package_identification:_identify(launch/__pycache__) by extension 'python_setup_py'
[3.291s] Level 1:colcon.colcon_core.package_identification:_identify(log) by extensions ['ignore', 'ignore_ament_install']
[3.297s] Level 1:colcon.colcon_core.package_identification:_identify(log) by extension 'ignore'
[3.298s] Level 1:colcon.colcon_core.package_identification:_identify(log) ignored
[3.299s] Level 1:colcon.colcon_core.package_identification:_identify(src) by extensions ['ignore', 'ignore_ament_install']
[3.299s] Level 1:colcon.colcon_core.package_identification:_identify(src) by extension 'ignore'
[3.299s] Level 1:colcon.colcon_core.package_identification:_identify(src) by extension 'ignore_ament_install'
[3.300s] Level 1:colcon.colcon_core.package_identification:_identify(src) by extensions ['colcon_pkg']
[3.300s] Level 1:colcon.colcon_core.package_identification:_identify(src) by extension 'colcon_pkg'
[3.300s] Level 1:colcon.colcon_core.package_identification:_identify(src) by extensions ['colcon_meta']
[3.300s] Level 1:colcon.colcon_core.package_identification:_identify(src) by extension 'colcon_meta'
[3.301s] Level 1:colcon.colcon_core.package_identification:_identify(src) by extensions ['ros']
[3.301s] Level 1:colcon.colcon_core.package_identification:_identify(src) by extension 'ros'
[3.301s] Level 1:colcon.colcon_core.package_identification:_identify(src) by extensions ['cmake', 'python']
[3.303s] Level 1:colcon.colcon_core.package_identification:_identify(src) by extension 'cmake'
[3.304s] Level 1:colcon.colcon_core.package_identification:_identify(src) by extension 'python'
[3.304s] Level 1:colcon.colcon_core.package_identification:_identify(src) by extensions ['python_setup_py']
[3.305s] Level 1:colcon.colcon_core.package_identification:_identify(src) by extension 'python_setup_py'
[3.305s] Level 1:colcon.colcon_core.package_identification:_identify(src/sim_vision_test) by extensions ['ignore', 'ignore_ament_install']
[3.305s] Level 1:colcon.colcon_core.package_identification:_identify(src/sim_vision_test) by extension 'ignore'
[3.305s] Level 1:colcon.colcon_core.package_identification:_identify(src/sim_vision_test) by extension 'ignore_ament_install'
[3.306s] Level 1:colcon.colcon_core.package_identification:_identify(src/sim_vision_test) by extensions ['colcon_pkg']
[3.306s] Level 1:colcon.colcon_core.package_identification:_identify(src/sim_vision_test) by extension 'colcon_pkg'
[3.306s] Level 1:colcon.colcon_core.package_identification:_identify(src/sim_vision_test) by extensions ['colcon_meta']
[3.306s] Level 1:colcon.colcon_core.package_identification:_identify(src/sim_vision_test) by extension 'colcon_meta'
[3.306s] Level 1:colcon.colcon_core.package_identification:_identify(src/sim_vision_test) by extensions ['ros']
[3.306s] Level 1:colcon.colcon_core.package_identification:_identify(src/sim_vision_test) by extension 'ros'
[3.333s] DEBUG:colcon.colcon_core.package_identification:Package 'src/sim_vision_test' with type 'ros.ament_python' and name 'sim_vision_test'
[3.336s] Level 1:colcon.colcon_core.package_identification:_identify(urdf) by extensions ['ignore', 'ignore_ament_install']
[3.336s] Level 1:colcon.colcon_core.package_identification:_identify(urdf) by extension 'ignore'
[3.337s] Level 1:colcon.colcon_core.package_identification:_identify(urdf) by extension 'ignore_ament_install'
[3.338s] Level 1:colcon.colcon_core.package_identification:_identify(urdf) by extensions ['colcon_pkg']
[3.342s] Level 1:colcon.colcon_core.package_identification:_identify(urdf) by extension 'colcon_pkg'
[3.342s] Level 1:colcon.colcon_core.package_identification:_identify(urdf) by extensions ['colcon_meta']
[3.343s] Level 1:colcon.colcon_core.package_identification:_identify(urdf) by extension 'colcon_meta'
[3.343s] Level 1:colcon.colcon_core.package_identification:_identify(urdf) by extensions ['ros']
[3.343s] Level 1:colcon.colcon_core.package_identification:_identify(urdf) by extension 'ros'
[3.343s] Level 1:colcon.colcon_core.package_identification:_identify(urdf) by extensions ['cmake', 'python']
[3.343s] Level 1:colcon.colcon_core.package_identification:_identify(urdf) by extension 'cmake'
[3.343s] Level 1:colcon.colcon_core.package_identification:_identify(urdf) by extension 'python'
[3.343s] Level 1:colcon.colcon_core.package_identification:_identify(urdf) by extensions ['python_setup_py']
[3.343s] Level 1:colcon.colcon_core.package_identification:_identify(urdf) by extension 'python_setup_py'
[3.343s] Level 1:colcon.colcon_core.package_identification:_identify(worlds) by extensions ['ignore', 'ignore_ament_install']
[3.343s] Level 1:colcon.colcon_core.package_identification:_identify(worlds) by extension 'ignore'
[3.343s] Level 1:colcon.colcon_core.package_identification:_identify(worlds) by extension 'ignore_ament_install'
[3.345s] Level 1:colcon.colcon_core.package_identification:_identify(worlds) by extensions ['colcon_pkg']
[3.345s] Level 1:colcon.colcon_core.package_identification:_identify(worlds) by extension 'colcon_pkg'
[3.345s] Level 1:colcon.colcon_core.package_identification:_identify(worlds) by extensions ['colcon_meta']
[3.345s] Level 1:colcon.colcon_core.package_identification:_identify(worlds) by extension 'colcon_meta'
[3.346s] Level 1:colcon.colcon_core.package_identification:_identify(worlds) by extensions ['ros']
[3.346s] Level 1:colcon.colcon_core.package_identification:_identify(worlds) by extension 'ros'
[3.349s] Level 1:colcon.colcon_core.package_identification:_identify(worlds) by extensions ['cmake', 'python']
[3.350s] Level 1:colcon.colcon_core.package_identification:_identify(worlds) by extension 'cmake'
[3.350s] Level 1:colcon.colcon_core.package_identification:_identify(worlds) by extension 'python'
[3.350s] Level 1:colcon.colcon_core.package_identification:_identify(worlds) by extensions ['python_setup_py']
[3.350s] Level 1:colcon.colcon_core.package_identification:_identify(worlds) by extension 'python_setup_py'
[3.350s] Level 1:colcon.colcon_core.package_discovery:discover_packages(recursive) using defaults
[3.350s] Level 1:colcon.colcon_core.package_discovery:discover_packages(ignore) discover
[3.350s] Level 1:colcon.colcon_core.package_discovery:discover_packages(ignore) using defaults
[3.350s] Level 1:colcon.colcon_core.package_discovery:discover_packages(path) discover
[3.350s] Level 1:colcon.colcon_core.package_discovery:discover_packages(path) using defaults
[3.483s] Level 1:colcon.colcon_core.package_discovery:discover_packages(prefix_path) check parameters
[3.483s] Level 1:colcon.colcon_core.package_discovery:discover_packages(prefix_path) discover
[3.505s] DEBUG:colcon.colcon_installed_package_information.package_discovery:Found 0 installed packages in /home/akenitoy/robot-vision-sim/install
[3.509s] DEBUG:colcon.colcon_installed_package_information.package_discovery:Found 288 installed packages in /opt/ros/humble
[3.539s] Level 1:colcon.colcon_core.package_discovery:discover_packages(prefix_path) using defaults
[3.617s] Level 5:colcon.colcon_core.verb:set package 'sim_vision_test' build argument 'cmake_args' from command line to 'None'
[3.618s] Level 5:colcon.colcon_core.verb:set package 'sim_vision_test' build argument 'cmake_target' from command line to 'None'
[3.618s] Level 5:colcon.colcon_core.verb:set package 'sim_vision_test' build argument 'cmake_target_skip_unavailable' from command line to 'False'
[3.618s] Level 5:colcon.colcon_core.verb:set package 'sim_vision_test' build argument 'cmake_clean_cache' from command line to 'False'
[3.619s] Level 5:colcon.colcon_core.verb:set package 'sim_vision_test' build argument 'cmake_clean_first' from command line to 'False'
[3.619s] Level 5:colcon.colcon_core.verb:set package 'sim_vision_test' build argument 'cmake_force_configure' from command line to 'False'
[3.619s] Level 5:colcon.colcon_core.verb:set package 'sim_vision_test' build argument 'ament_cmake_args' from command line to 'None'
[3.620s] Level 5:colcon.colcon_core.verb:set package 'sim_vision_test' build argument 'catkin_cmake_args' from command line to 'None'
[3.620s] Level 5:colcon.colcon_core.verb:set package 'sim_vision_test' build argument 'catkin_skip_building_tests' from command line to 'False'
[3.621s] DEBUG:colcon.colcon_core.verb:Building package 'sim_vision_test' with the following arguments: {'ament_cmake_args': None, 'build_base': '/home/akenitoy/robot-vision-sim/build/sim_vision_test', 'catkin_cmake_args': None, 'catkin_skip_building_tests': False, 'cmake_args': None, 'cmake_clean_cache': False, 'cmake_clean_first': False, 'cmake_force_configure': False, 'cmake_target': None, 'cmake_target_skip_unavailable': False, 'install_base': '/home/akenitoy/robot-vision-sim/install/sim_vision_test', 'merge_install': False, 'path': '/home/akenitoy/robot-vision-sim/src/sim_vision_test', 'symlink_install': False, 'test_result_base': None}
[3.623s] INFO:colcon.colcon_core.executor:Executing jobs using 'parallel' executor
[3.634s] DEBUG:colcon.colcon_parallel_executor.executor.parallel:run_until_complete
[3.635s] INFO:colcon.colcon_ros.task.ament_python.build:Building ROS package in '/home/akenitoy/robot-vision-sim/src/sim_vision_test' with build type 'ament_python'
[3.635s] Level 1:colcon.colcon_core.shell:create_environment_hook('sim_vision_test', 'ament_prefix_path')
[3.696s] INFO:colcon.colcon_core.plugin_system:Skipping extension 'colcon_core.shell.bat': Not used on non-Windows systems
[3.696s] INFO:colcon.colcon_core.shell:Creating environment hook '/home/akenitoy/robot-vision-sim/install/sim_vision_test/share/sim_vision_test/hook/ament_prefix_path.ps1'
[3.704s] INFO:colcon.colcon_core.shell:Creating environment descriptor '/home/akenitoy/robot-vision-sim/install/sim_vision_test/share/sim_vision_test/hook/ament_prefix_path.dsv'
[3.708s] INFO:colcon.colcon_core.shell:Creating environment hook '/home/akenitoy/robot-vision-sim/install/sim_vision_test/share/sim_vision_test/hook/ament_prefix_path.sh'
[3.715s] INFO:colcon.colcon_core.shell:Skip shell extension 'powershell' for command environment: Not usable outside of PowerShell
[3.716s] DEBUG:colcon.colcon_core.shell:Skip shell extension 'dsv' for command environment
[5.715s] INFO:colcon.colcon_core.task.python.build:Building Python package in '/home/akenitoy/robot-vision-sim/src/sim_vision_test'
[5.718s] INFO:colcon.colcon_core.shell:Skip shell extension 'powershell' for command environment: Not usable outside of PowerShell
[5.718s] DEBUG:colcon.colcon_core.shell:Skip shell extension 'dsv' for command environment
[8.709s] DEBUG:colcon.colcon_core.task.python.build:Available setuptools commands: install_egg_info, sdist, bdist_rpm, easy_install, build_ext, build, install_headers, setopt, install, install_data, build_clib, bdist, check, egg_info, rotate, symlink_data, register, bdist_egg, bdist_dumb, install_scripts, upload_docs, upload, saveopts, dist_info, alias, build_scripts, clean, build_py, install_lib, test, develop
[8.868s] DEBUG:colcon.colcon_core.event_handler.log_command:Invoking command in '/home/akenitoy/robot-vision-sim/src/sim_vision_test': PYTHONPATH=/home/akenitoy/robot-vision-sim/build/sim_vision_test/prefix_override:/usr/lib/python3/dist-packages/colcon_core/task/python/colcon_distutils_commands:/home/akenitoy/robot-vision-sim/install/sim_vision_test/lib/python3.10/site-packages:${PYTHONPATH} /usr/bin/python3 -W ignore:setup.py install is deprecated -W ignore:easy_install command is deprecated setup.py egg_info --egg-base ../../build/sim_vision_test build --build-base /home/akenitoy/robot-vision-sim/build/sim_vision_test/build install --record /home/akenitoy/robot-vision-sim/build/sim_vision_test/install.log --install-scripts $base/lib/sim_vision_test --single-version-externally-managed install_data
[11.191s] DEBUG:colcon.colcon_core.event_handler.log_command:Invoked command in '/home/akenitoy/robot-vision-sim/src/sim_vision_test' returned '0': PYTHONPATH=/home/akenitoy/robot-vision-sim/build/sim_vision_test/prefix_override:/usr/lib/python3/dist-packages/colcon_core/task/python/colcon_distutils_commands:/home/akenitoy/robot-vision-sim/install/sim_vision_test/lib/python3.10/site-packages:${PYTHONPATH} /usr/bin/python3 -W ignore:setup.py install is deprecated -W ignore:easy_install command is deprecated setup.py egg_info --egg-base ../../build/sim_vision_test build --build-base /home/akenitoy/robot-vision-sim/build/sim_vision_test/build install --record /home/akenitoy/robot-vision-sim/build/sim_vision_test/install.log --install-scripts $base/lib/sim_vision_test --single-version-externally-managed install_data
[11.289s] Level 1:colcon.colcon_core.environment:checking '/home/akenitoy/robot-vision-sim/install/sim_vision_test' for CMake module files
[11.294s] Level 1:colcon.colcon_core.environment:checking '/home/akenitoy/robot-vision-sim/install/sim_vision_test' for CMake config files
[11.315s] Level 1:colcon.colcon_core.environment:checking '/home/akenitoy/robot-vision-sim/install/sim_vision_test/lib'
[11.317s] Level 1:colcon.colcon_core.environment:checking '/home/akenitoy/robot-vision-sim/install/sim_vision_test/bin'
[11.317s] Level 1:colcon.colcon_core.environment:checking '/home/akenitoy/robot-vision-sim/install/sim_vision_test/lib/pkgconfig/sim_vision_test.pc'
[11.324s] Level 1:colcon.colcon_core.environment:checking '/home/akenitoy/robot-vision-sim/install/sim_vision_test/lib/python3.10/site-packages'
[11.325s] Level 1:colcon.colcon_core.shell:create_environment_hook('sim_vision_test', 'pythonpath')
[11.328s] INFO:colcon.colcon_core.shell:Creating environment hook '/home/akenitoy/robot-vision-sim/install/sim_vision_test/share/sim_vision_test/hook/pythonpath.ps1'
[11.336s] INFO:colcon.colcon_core.shell:Creating environment descriptor '/home/akenitoy/robot-vision-sim/install/sim_vision_test/share/sim_vision_test/hook/pythonpath.dsv'
[11.348s] INFO:colcon.colcon_core.shell:Creating environment hook '/home/akenitoy/robot-vision-sim/install/sim_vision_test/share/sim_vision_test/hook/pythonpath.sh'
[11.351s] Level 1:colcon.colcon_core.environment:checking '/home/akenitoy/robot-vision-sim/install/sim_vision_test/bin'
[11.351s] Level 1:colcon.colcon_core.environment:create_environment_scripts_only(sim_vision_test)
[11.352s] INFO:colcon.colcon_core.shell:Creating package script '/home/akenitoy/robot-vision-sim/install/sim_vision_test/share/sim_vision_test/package.ps1'
[11.366s] INFO:colcon.colcon_core.shell:Creating package descriptor '/home/akenitoy/robot-vision-sim/install/sim_vision_test/share/sim_vision_test/package.dsv'
[11.372s] INFO:colcon.colcon_core.shell:Creating package script '/home/akenitoy/robot-vision-sim/install/sim_vision_test/share/sim_vision_test/package.sh'
[11.380s] INFO:colcon.colcon_core.shell:Creating package script '/home/akenitoy/robot-vision-sim/install/sim_vision_test/share/sim_vision_test/package.bash'
[11.388s] INFO:colcon.colcon_core.shell:Creating package script '/home/akenitoy/robot-vision-sim/install/sim_vision_test/share/sim_vision_test/package.zsh'
[11.395s] Level 1:colcon.colcon_core.environment:create_file_with_runtime_dependencies(/home/akenitoy/robot-vision-sim/install/sim_vision_test/share/colcon-core/packages/sim_vision_test)
[11.398s] DEBUG:colcon.colcon_parallel_executor.executor.parallel:closing loop
[11.399s] DEBUG:colcon.colcon_parallel_executor.executor.parallel:loop closed
[11.399s] DEBUG:colcon.colcon_parallel_executor.executor.parallel:run_until_complete finished with '0'
[11.399s] DEBUG:colcon.colcon_core.event_reactor:joining thread
[11.466s] INFO:colcon.colcon_core.plugin_system:Skipping extension 'colcon_notification.desktop_notification.terminal_notifier': Not used on non-Darwin systems
[11.490s] INFO:colcon.colcon_core.plugin_system:Skipping extension 'colcon_notification.desktop_notification.win32': Not used on non-Windows systems
[11.491s] INFO:colcon.colcon_notification.desktop_notification:Sending desktop notification using 'notify2'
[11.621s] DEBUG:colcon.colcon_core.event_reactor:joined thread
[11.622s] INFO:colcon.colcon_core.shell:Creating prefix script '/home/akenitoy/robot-vision-sim/install/local_setup.ps1'
[11.650s] INFO:colcon.colcon_core.shell:Creating prefix util module '/home/akenitoy/robot-vision-sim/install/_local_setup_util_ps1.py'
[11.661s] INFO:colcon.colcon_core.shell:Creating prefix chain script '/home/akenitoy/robot-vision-sim/install/setup.ps1'
[11.669s] INFO:colcon.colcon_core.shell:Creating prefix script '/home/akenitoy/robot-vision-sim/install/local_setup.sh'
[11.680s] INFO:colcon.colcon_core.shell:Creating prefix util module '/home/akenitoy/robot-vision-sim/install/_local_setup_util_sh.py'
[11.685s] INFO:colcon.colcon_core.shell:Creating prefix chain script '/home/akenitoy/robot-vision-sim/install/setup.sh'
[11.691s] INFO:colcon.colcon_core.shell:Creating prefix script '/home/akenitoy/robot-vision-sim/install/local_setup.bash'
[11.703s] INFO:colcon.colcon_core.shell:Creating prefix chain script '/home/akenitoy/robot-vision-sim/install/setup.bash'
[11.710s] INFO:colcon.colcon_core.shell:Creating prefix script '/home/akenitoy/robot-vision-sim/install/local_setup.zsh'
[11.725s] INFO:colcon.colcon_core.shell:Creating prefix chain script '/home/akenitoy/robot-vision-sim/install/setup.zsh'
